build/app/outputs/mapping/release/seeds.txt
com.extracompln.xcompln.MainActivity
com.extracompln.xcompln.MainActivity: MainActivity()
...
androidx.appcompat.widget.ActionMenuView: void setExpandedActionViewsExclusive(boolean)
org.apache.tika.metadata.PropertyTypeException: PropertyTypeException(java.lang.String)
org.apache.tika.metadata.Property: org.apache.tika.metadata.Property internalDateBag(java.lang.String)
org.apache.tika.sax.ToTextContentHandler: ToTextContentHandler()
com.google.android.libraries.barhopper.RecognitionOptions: void setEnableUseKeypointAsFinderPattern(boolean)
org.apache.tika.pipes.async.AsyncStatus: java.time.Instant getStarted()
androidx.appcompat.widget.SwitchCompat: void setSplitTrack(boolean)
org.apache.tika.mime.MimeType: java.lang.String getName()
org.apache.tika.metadata.writefilter.StandardWriteFilter: void addAlwaysInclude(java.lang.String,java.lang.String,java.util.Map)
org.apache.tika.sax.SafeContentHandler: void filter(char[],int,int,org.apache.tika.sax.SafeContentHandler$Output)
org.slf4j.event.Level: org.slf4j.event.Level valueOf(java.lang.String)
org.apache.tika.pipes.fetcher.FetchKey: long getRangeStart()
org.apache.tika.pipes.async.AsyncConfig: void setPipesReporter(org.apache.tika.pipes.PipesReporter)
org.apache.tika.config.Field: java.lang.String name()
org.apache.tika.io.TemporaryResources: void setTemporaryFileDirectory(java.io.File)
org.apache.tika.parser.AutoDetectParser: AutoDetectParser(org.apache.tika.config.TikaConfig)
org.apache.tika.config.LoadErrorHandler$3: java.lang.String toString()
org.apache.tika.config.TikaConfig$EncodingDetectorXmlLoader: org.apache.tika.detect.EncodingDetector preLoadOne(java.lang.Class,java.lang.String,org.apache.tika.mime.MimeTypes)
org.apache.tika.pipes.fetcher.Fetcher: java.io.InputStream fetch(java.lang.String,org.apache.tika.metadata.Metadata,org.apache.tika.parser.ParseContext)
org.apache.tika.parser.ParsingReader: void close()
androidx.camera.camera2.internal.compat.quirk.Nexus4AndroidLTargetAspectRatioQuirk: Nexus4AndroidLTargetAspectRatioQuirk()
androidx.appcompat.resources.Compatibility$Api21Impl: void inflate(android.graphics.drawable.Drawable,android.content.res.Resources,org.xmlpull.v1.XmlPullParser,android.util.AttributeSet,android.content.res.Resources$Theme)
org.apache.tika.pipes.PipesClient: org.apache.tika.pipes.PipesResult buildFatalResult(org.apache.tika.pipes.PipesResult,org.apache.tika.pipes.PipesResult[])
androidx.lifecycle.EmptyActivityLifecycleCallbacks: void onActivityPaused(android.app.Activity)
android.support.v4.os.IResultReceiver2$Stub: android.support.v4.os.IResultReceiver2 asInterface(android.os.IBinder)
org.apache.tika.config.Param: java.lang.Object getValue()
org.apache.tika.io.TikaInputStream: org.apache.tika.io.TikaInputStream get(byte[],org.apache.tika.metadata.Metadata)
org.apache.tika.mime.MediaTypeRegistry: org.apache.tika.mime.MediaType getSupertype(org.apache.tika.mime.MediaType)
org.apache.tika.pipes.async.AsyncEmitter$EmitDataCache: java.util.List lambda$add$0(java.lang.String)
com.google.android.libraries.barhopper.RecognitionOptions: void setEnableQrAlignmentGrid(boolean)
org.apache.tika.parser.multiple.FallbackParser: FallbackParser(org.apache.tika.mime.MediaTypeRegistry,java.util.Collection,java.util.Map)
org.apache.tika.pipes.PipesClient: void restart()
androidx.core.view.WindowInsetsCompat$Impl: androidx.core.view.DisplayCutoutCompat getDisplayCutout()
org.apache.tika.mime.HexCoDec: HexCoDec()
org.apache.tika.pipes.extractor.EmbeddedDocumentBytesConfig$SUFFIX_STRATEGY: EmbeddedDocumentBytesConfig$SUFFIX_STRATEGY(java.lang.String,int)
org.apache.tika.parser.multiple.AbstractMultipleParser: void parserPrepare(org.apache.tika.parser.Parser,org.apache.tika.metadata.Metadata,org.apache.tika.parser.ParseContext)
androidx.appcompat.widget.ActionBarContainer: void setSplitBackground(android.graphics.drawable.Drawable)
androidx.core.view.WindowInsetsCompat$BuilderImpl29: void setTappableElementInsets(androidx.core.graphics.Insets)
org.apache.tika.sax.StandardOrganizations: java.util.Map getOrganizations()