build/app/outputs/mapping/release/usage.txt
com.extracompln.xcompln.R$drawable
com.extracompln.xcompln.R$mipmap
com.extracompln.xcompln.R$style
com.extracompln.xcompln.R
...
androidx.savedstate.R
androidx.savedstate.Recreator$SavedStateProvider
androidx.savedstate.Recreator:
    public static final java.lang.String CLASSES_KEY
    public static final java.lang.String COMPONENT_KEY
androidx.savedstate.SavedStateRegistry:
    private static final java.lang.String SAVED_COMPONENTS_KEY
    private androidx.savedstate.Recreator$SavedStateProvider recreatorProvider
    public final boolean isAllowingSavingState$savedstate_release()
    public final boolean isRestored()
    public final void runOnNextRecreation(java.lang.Class)
    public final void setAllowingSavingState$savedstate_release(boolean)
    public final void unregisterSavedStateProvider(java.lang.String)
androidx.savedstate.ViewKt
androidx.savedstate.ViewTreeSavedStateRegistryOwner$findViewTreeSavedStateRegistryOwner$1
androidx.savedstate.ViewTreeSavedStateRegistryOwner$findViewTreeSavedStateRegistryOwner$2
androidx.savedstate.ViewTreeSavedStateRegistryOwner:
    public static final androidx.savedstate.SavedStateRegistryOwner get(android.view.View)
androidx.savedstate.ktx.R
androidx.slidingpanelayout.R
androidx.slidingpanelayout.widget.FoldingFeatureObserver$OnFoldingFeatureChangeListener
androidx.slidingpanelayout.widget.FoldingFeatureObserver$registerLayoutStateChangeCallback$1$invokeSuspend$$inlined$collect$1
androidx.slidingpanelayout.widget.FoldingFeatureObserver$registerLayoutStateChangeCallback$1$invokeSuspend$$inlined$mapNotNull$1$2$1
androidx.slidingpanelayout.widget.FoldingFeatureObserver$registerLayoutStateChangeCallback$1$invokeSuspend$$inlined$mapNotNull$1$2
androidx.slidingpanelayout.widget.FoldingFeatureObserver$registerLayoutStateChangeCallback$1$invokeSuspend$$inlined$mapNotNull$1
androidx.slidingpanelayout.widget.FoldingFeatureObserver$registerLayoutStateChangeCallback$1
androidx.slidingpanelayout.widget.FoldingFeatureObserver
androidx.slidingpanelayout.widget.SlidingPaneLayout$1
androidx.slidingpanelayout.widget.SlidingPaneLayout$AccessibilityDelegate
androidx.slidingpanelayout.widget.SlidingPaneLayout$DisableLayerRunnable
androidx.slidingpanelayout.widget.SlidingPaneLayout$DragHelperCallback
androidx.slidingpanelayout.widget.SlidingPaneLayout$LayoutParams
androidx.slidingpanelayout.widget.SlidingPaneLayout$PanelSlideListener
androidx.slidingpanelayout.widget.SlidingPaneLayout$SavedState$1
androidx.slidingpanelayout.widget.SlidingPaneLayout$SavedState
androidx.slidingpanelayout.widget.SlidingPaneLayout$SimplePanelSlideListener
androidx.slidingpanelayout.widget.SlidingPaneLayout$TouchBlocker
androidx.slidingpanelayout.widget.SlidingPaneLayout
androidx.startup.AppInitializer:
    private static final java.lang.String SECTION_NAME
    static void setDelegate(androidx.startup.AppInitializer)
androidx.startup.R$string:
    private void <init>()
androidx.startup.R
androidx.startup.StartupException:
    public void <init>(java.lang.String,java.lang.Throwable)
androidx.startup.StartupLogger:
    static final boolean DEBUG
    private static final java.lang.String TAG
    private void <init>()
    public static void e(java.lang.String,java.lang.Throwable)
    public static void i(java.lang.String)
androidx.swiperefreshlayout.R$attr
androidx.swiperefreshlayout.R$color
androidx.swiperefreshlayout.R$dimen
androidx.swiperefreshlayout.R$drawable
androidx.swiperefreshlayout.R$id
androidx.swiperefreshlayout.R$integer
androidx.swiperefreshlayout.R$layout
androidx.swiperefreshlayout.R$string
androidx.swiperefreshlayout.R$style
androidx.swiperefreshlayout.R$styleable
androidx.swiperefreshlayout.R
androidx.swiperefreshlayout.widget.CircleImageView$OvalShadow
androidx.swiperefreshlayout.widget.CircleImageView
androidx.swiperefreshlayout.widget.CircularProgressDrawable$1
androidx.swiperefreshlayout.widget.CircularProgressDrawable$2
androidx.swiperefreshlayout.widget.CircularProgressDrawable$ProgressDrawableSize
androidx.swiperefreshlayout.widget.CircularProgressDrawable$Ring
androidx.swiperefreshlayout.widget.CircularProgressDrawable